<?xml version="1.0" encoding="UTF-8"?>
<!-- Generated by org.testng.reporters.JUnitReportReporter -->
<testsuite skipped="0" hostname="DESKTOP-KJ6UEMM" name="com.restapi.testcases.TC_006_GET_ExtractValuesofEachnodesinJSON" tests="1" failures="0" timestamp="08 Sep 2019 12:36:28 GMT" time="3.668" errors="0">
  <testcase name="getweatherdetails" time="3.668" classname="com.restapi.testcases.TC_006_GET_ExtractValuesofEachnodesinJSON"/>
</testsuite> <!-- com.restapi.testcases.TC_006_GET_ExtractValuesofEachnodesinJSON -->
