<?xml version="1.0" encoding="UTF-8"?>
<!-- Generated by org.testng.reporters.JUnitReportReporter -->
<testsuite skipped="0" hostname="DESKTOP-KJ6UEMM" name="com.restapi.testcases.TC_003_Get_Request" tests="1" failures="0" timestamp="08 Sep 2019 01:03:22 GMT" time="2.990" errors="0">
  <testcase name="googleMapTest" time="2.990" classname="com.restapi.testcases.TC_003_Get_Request"/>
</testsuite> <!-- com.restapi.testcases.TC_003_Get_Request -->
