<?xml version="1.0" encoding="UTF-8"?>
<!-- Generated by org.testng.reporters.JUnitReportReporter -->
<testsuite skipped="0" hostname="DESKTOP-KJ6UEMM" name="com.resapi.testcases.TC_001_Get_Request" tests="1" failures="0" timestamp="08 Sep 2019 00:28:06 GMT" time="2.819" errors="0">
  <testcase name="getweatherdetails" time="2.819" classname="com.resapi.testcases.TC_001_Get_Request"/>
</testsuite> <!-- com.resapi.testcases.TC_001_Get_Request -->
