<?xml version="1.0" encoding="UTF-8"?>
<!-- Generated by org.testng.reporters.JUnitReportReporter -->
<testsuite skipped="0" hostname="DESKTOP-KJ6UEMM" name="com.restapi.testcases.TC_004_Get_Request_Print_AllHeaders" tests="1" failures="0" timestamp="08 Sep 2019 12:17:53 GMT" time="2.679" errors="0">
  <testcase name="getweatherdetails" time="2.679" classname="com.restapi.testcases.TC_004_Get_Request_Print_AllHeaders"/>
</testsuite> <!-- com.restapi.testcases.TC_004_Get_Request_Print_AllHeaders -->
